Name                                                    Stmts   Miss  Cover   Missing
-------------------------------------------------------------------------------------
catalog/__init__.py                                         0      0   100%
catalog/admin.py                                           23      0   100%
catalog/apps.py                                             4      0   100%
catalog/forms.py                                           13      0   100%
catalog/migrations/0001_initial.py                          7      0   100%
catalog/migrations/0002_auto_20230205_1546.py               5      0   100%
catalog/migrations/0003_alter_language_name.py              4      0   100%
catalog/migrations/0004_alter_author_date_of_birth.py       4      0   100%
catalog/migrations/0005_alter_book_options.py               4      0   100%
catalog/migrations/0006_alter_book_options.py               4      0   100%
catalog/migrations/0007_alter_book_options.py               4      0   100%
catalog/migrations/0008_bookinstance_borrower.py            6      0   100%
catalog/migrations/0009_alter_bookinstance_options.py       4      0   100%
catalog/migrations/0010_alter_author_date_of_death.py       4      0   100%
catalog/migrations/__init__.py                              0      0   100%
catalog/models.py                                          57      2    96%   48, 88
catalog/urls.py                                             3      0   100%
catalog/views.py                                           88      0   100%
-------------------------------------------------------------------------------------
TOTAL                                                     234      2    99%
